<?xml version="1.0" encoding="utf-8"?><testsuites name="pytest tests"><testsuite name="pytest" errors="0" failures="0" skipped="0" tests="25" time="5.760" timestamp="2026-09-08T12:24:09.722563+00:00" hostname="agent-env-0d8e4d2e-e896-4b03-8781-88b21d3d8c24"><testcase classname="tests.test_bot_api.TestModeAndLive" name="test_mode_futures" time="0.577" /><testcase classname="tests.test_bot_api.TestTelemetry" name="test_root" time="0.289" /><testcase classname="tests.test_bot_api.TestTelemetry" name="test_bot_state" time="0.163" /><testcase classname="tests.test_bot_api.TestTelemetry" name="test_connection" time="0.079" /><testcase classname="tests.test_bot_api.TestTelemetry" name="test_account" time="0.070" /><testcase classname="tests.test_bot_api.TestModeAndLive" name="test_mode_spot" time="0.206" /><testcase classname="tests.test_bot_api.TestTelemetry" name="test_positions" time="0.111" /><testcase classname="tests.test_bot_api.TestTelemetry" name="test_orders" time="0.070" /><testcase classname="tests.test_bot_api.TestModeAndLive" name="test_mode_invalid" time="0.169" /><testcase classname="tests.test_bot_api.TestTelemetry" name="test_events" time="0.077" /><testcase classname="tests.test_bot_api.TestTelemetry" name="test_feed" time="0.079" /><testcase classname="tests.test_bot_api.TestTelemetry" name="test_decisions" time="0.310" /><testcase classname="tests.test_bot_api.TestModeAndLive" name="test_mode_off" time="0.167" /><testcase classname="tests.test_bot_api.TestModeAndLive" name="test_live_wrong_confirm_rejected" time="0.096" /><testcase classname="tests.test_bot_api.TestModeAndLive" name="test_live_enable_then_disable" time="0.746" /><testcase classname="tests.test_bot_api.TestTelemetry" name="test_news" time="0.075" /><testcase classname="tests.test_bot_api.TestTelemetry" name="test_scanner" time="0.072" /><testcase classname="tests.test_bot_api.TestEmergency" name="test_close_positions_wrong_confirm" time="0.114" /><testcase classname="tests.test_bot_api.TestEmergency" name="test_close_positions_correct" time="0.083" /><testcase classname="tests.test_bot_api.TestEmergency" name="test_cancel_orders" time="3.079" /><testcase classname="tests.test_bot_api.TestModeAndLive" name="test_resume_gating_when_off_or_not_live" time="0.242" /><testcase classname="tests.test_bot_api.TestModeAndLive" name="test_stop" time="0.163" /><testcase classname="tests.test_bot_api.TestBacktest" name="test_backtest" time="0.446" /><testcase classname="tests.test_bot_api.TestAnalysis" name="test_analysis_list" time="0.076" /><testcase classname="tests.test_bot_api.TestConfig" name="test_put_config_persists" time="0.376" /></testsuite></testsuites>